#
# There is insufficient memory for the Java Runtime Environment to continue.
# Native memory allocation (mmap) failed to map 4161536 bytes for G1 virtual space
# Possible reasons:
#   The system is out of physical RAM or swap space
#   The process is running with CompressedOops enabled, and the Java Heap may be blocking the growth of the native heap
# Possible solutions:
#   Reduce memory load on the system
#   Increase physical memory or swap space
#   Check if swap backing store is full
#   Decrease Java heap size (-Xmx/-Xms)
#   Decrease number of Java threads
#   Decrease Java thread stack sizes (-Xss)
#   Set larger code cache with -XX:ReservedCodeCacheSize=
#   JVM is running with Zero Based Compressed Oops mode in which the Java heap is
#     placed in the first 32GB address space. The Java Heap base address is the
#     maximum limit for the native heap growth. Please use -XX:HeapBaseMinAddress
#     to set the Java Heap base and to place the Java Heap above 32GB virtual address.
# This output file may be truncated or incomplete.
#
#  Out of Memory Error (os_windows.cpp:3469), pid=2756, tid=22328
#
# JRE version:  (17.0+35) (build )
# Java VM: Java HotSpot(TM) 64-Bit Server VM (17+35-LTS-2724, mixed mode, emulated-client, sharing, tiered, compressed oops, compressed class ptrs, g1 gc, windows-amd64)
# No core dump will be written. Minidumps are not enabled by default on client versions of Windows
#

---------------  S U M M A R Y ------------

Command Line: -XX:TieredStopAtLevel=1 -Dspring.output.ansi.enabled=always -Dcom.sun.management.jmxremote -Dspring.jmx.enabled=true -Dspring.liveBeansView.mbeanDomain -Dspring.application.admin.enabled=true -Dmanagement.endpoints.jmx.exposure.include=* -javaagent:C:\Program Files\JetBrains\IntelliJ IDEA 2023.3.3\lib\idea_rt.jar=57575:C:\Program Files\JetBrains\IntelliJ IDEA 2023.3.3\bin -Dfile.encoding=UTF-8 com.pfe.smsworkflow.SmsWorkflowApplication

Host: Intel(R) Core(TM) i7-9750H CPU @ 2.60GHz, 12 cores, 15G,  Windows 10 , 64 bit Build 22621 (10.0.22621.4391)
Time: Mon Jan 27 17:11:35 2025 Romance Standard Time elapsed time: 0.012755 seconds (0d 0h 0m 0s)

---------------  T H R E A D  ---------------

Current thread (0x00000210736e1420):  JavaThread "Unknown thread" [_thread_in_vm, id=22328, stack(0x0000002ffb400000,0x0000002ffb500000)]

Stack: [0x0000002ffb400000,0x0000002ffb500000]
Native frames: (J=compiled Java code, j=interpreted, Vv=VM code, C=native code)
V  [jvm.dll+0x66f8ea]
V  [jvm.dll+0x7ce224]
V  [jvm.dll+0x7cf9ce]
V  [jvm.dll+0x7d0033]
V  [jvm.dll+0x242bb5]
V  [jvm.dll+0x66c909]
V  [jvm.dll+0x6613d2]
V  [jvm.dll+0x30082b]
V  [jvm.dll+0x307db6]
V  [jvm.dll+0x357a23]
V  [jvm.dll+0x357c3f]
V  [jvm.dll+0x2d7ae8]
V  [jvm.dll+0x2d8a54]
V  [jvm.dll+0x7a00a1]
V  [jvm.dll+0x365781]
V  [jvm.dll+0x77f59c]
V  [jvm.dll+0x3e805f]
V  [jvm.dll+0x3e9b01]
C  [jli.dll+0x527b]
C  [ucrtbase.dll+0x29333]
C  [KERNEL32.DLL+0x1259d]
C  [ntdll.dll+0x5af38]


---------------  P R O C E S S  ---------------

Threads class SMR info:
_java_thread_list=0x00007ff83a327818, length=0, elements={
}

Java Threads: ( => current thread )

Other Threads:
  0x0000021073735c10 GCTaskThread "GC Thread#0" [stack: 0x0000002ffb500000,0x0000002ffb600000] [id=8276]
  0x0000021073746910 ConcurrentGCThread "G1 Main Marker" [stack: 0x0000002ffb600000,0x0000002ffb700000] [id=21620]
  0x0000021073747320 ConcurrentGCThread "G1 Conc#0" [stack: 0x0000002ffb700000,0x0000002ffb800000] [id=7512]

[error occurred during error reporting (printing all threads), id 0xc0000005, EXCEPTION_ACCESS_VIOLATION (0xc0000005) at pc=0x00007ff839b784c7]

VM state: not at safepoint (not fully initialized)

VM Mutex/Monitor currently owned by a thread:  ([mutex/lock_event])
[0x0000021071542590] Heap_lock - owner thread: 0x00000210736e1420

Heap address: 0x0000000702400000, size: 4060 MB, Compressed Oops mode: Zero based, Oop shift amount: 3

CDS archive(s) mapped at: [0x0000000000000000-0x0000000000000000-0x0000000000000000), size 0, SharedBaseAddress: 0x0000000800000000, ArchiveRelocationMode: 0.
Narrow klass base: 0x0000000000000000, Narrow klass shift: 0, Narrow klass range: 0x0

GC Precious Log:
<Empty>

Heap:
 garbage-first heap   total 0K, used 0K [0x0000000702400000, 0x0000000800000000)
  region size 2048K, 0 young (0K), 0 survivors (0K)

[error occurred during error reporting (printing heap information), id 0xc0000005, EXCEPTION_ACCESS_VIOLATION (0xc0000005) at pc=0x00007ff839f58c59]

GC Heap History (0 events):
No events

Deoptimization events (0 events):
No events

Classes unloaded (0 events):
No events

Classes redefined (0 events):
No events

Internal exceptions (0 events):
No events

VM Operations (0 events):
No events

Events (1 events):
Event: 0.007 Loaded shared library C:\Program Files\Java\jdk-17\bin\java.dll


Dynamic libraries:
0x00007ff718cb0000 - 0x00007ff718cc0000 	C:\Program Files\Java\jdk-17\bin\java.exe
0x00007ff87deb0000 - 0x00007ff87e0c7000 	C:\WINDOWS\SYSTEM32\ntdll.dll
0x00007ff87c8a0000 - 0x00007ff87c964000 	C:\WINDOWS\System32\KERNEL32.DLL
0x00007ff87b310000 - 0x00007ff87b6ca000 	C:\WINDOWS\System32\KERNELBASE.dll
0x00007ff87b1f0000 - 0x00007ff87b301000 	C:\WINDOWS\System32\ucrtbase.dll
0x00007ff865ef0000 - 0x00007ff865f0a000 	C:\Program Files\Java\jdk-17\bin\VCRUNTIME140.dll
0x00007ff865f10000 - 0x00007ff865f28000 	C:\Program Files\Java\jdk-17\bin\jli.dll
0x00007ff87dc40000 - 0x00007ff87dcf2000 	C:\WINDOWS\System32\ADVAPI32.dll
0x00007ff87cad0000 - 0x00007ff87cb77000 	C:\WINDOWS\System32\msvcrt.dll
0x00007ff87c270000 - 0x00007ff87c317000 	C:\WINDOWS\System32\sechost.dll
0x00007ff87b840000 - 0x00007ff87b868000 	C:\WINDOWS\System32\bcrypt.dll
0x00007ff87c720000 - 0x00007ff87c834000 	C:\WINDOWS\System32\RPCRT4.dll
0x00007ff87c3c0000 - 0x00007ff87c56e000 	C:\WINDOWS\System32\USER32.dll
0x00007ff87b810000 - 0x00007ff87b836000 	C:\WINDOWS\System32\win32u.dll
0x00007ff866ed0000 - 0x00007ff867162000 	C:\WINDOWS\WinSxS\amd64_microsoft.windows.common-controls_6595b64144ccf1df_6.0.22621.4541_none_2710d1c57384c085\COMCTL32.dll
0x00007ff87c390000 - 0x00007ff87c3b9000 	C:\WINDOWS\System32\GDI32.dll
0x00007ff87b870000 - 0x00007ff87b98b000 	C:\WINDOWS\System32\gdi32full.dll
0x00007ff87b990000 - 0x00007ff87ba2a000 	C:\WINDOWS\System32\msvcp_win.dll
0x00007ff876e90000 - 0x00007ff876e9a000 	C:\WINDOWS\SYSTEM32\VERSION.dll
0x00007ff87dd60000 - 0x00007ff87dd91000 	C:\WINDOWS\System32\IMM32.DLL
0x00007ff865ed0000 - 0x00007ff865edc000 	C:\Program Files\Java\jdk-17\bin\vcruntime140_1.dll
0x00007ff856e10000 - 0x00007ff856e9d000 	C:\Program Files\Java\jdk-17\bin\msvcp140.dll
0x00007ff839890000 - 0x00007ff83a44e000 	C:\Program Files\Java\jdk-17\bin\server\jvm.dll
0x00007ff87dc30000 - 0x00007ff87dc38000 	C:\WINDOWS\System32\PSAPI.DLL
0x00007ff860ec0000 - 0x00007ff860ec9000 	C:\WINDOWS\SYSTEM32\WSOCK32.dll
0x00007ff868ef0000 - 0x00007ff868f24000 	C:\WINDOWS\SYSTEM32\WINMM.dll
0x00007ff87ddf0000 - 0x00007ff87de61000 	C:\WINDOWS\System32\WS2_32.dll
0x00007ff87a1b0000 - 0x00007ff87a1c8000 	C:\WINDOWS\SYSTEM32\kernel.appcore.dll
0x00007ff865cc0000 - 0x00007ff865cca000 	C:\Program Files\Java\jdk-17\bin\jimage.dll
0x00007ff86aff0000 - 0x00007ff86b222000 	C:\WINDOWS\SYSTEM32\DBGHELP.DLL
0x00007ff87cba0000 - 0x00007ff87cf31000 	C:\WINDOWS\System32\combase.dll
0x00007ff87c9f0000 - 0x00007ff87cac7000 	C:\WINDOWS\System32\OLEAUT32.dll
0x00007ff86aad0000 - 0x00007ff86ab02000 	C:\WINDOWS\SYSTEM32\dbgcore.DLL
0x00007ff87b790000 - 0x00007ff87b80b000 	C:\WINDOWS\System32\bcryptPrimitives.dll
0x00007ff8686e0000 - 0x00007ff8686ee000 	C:\Program Files\Java\jdk-17\bin\instrument.dll
0x00007ff865bc0000 - 0x00007ff865be5000 	C:\Program Files\Java\jdk-17\bin\java.dll

dbghelp: loaded successfully - version: 4.0.5 - missing functions: none
symbol engine: initialized successfully - sym options: 0x614 - pdb path: .;C:\Program Files\Java\jdk-17\bin;C:\WINDOWS\SYSTEM32;C:\WINDOWS\WinSxS\amd64_microsoft.windows.common-controls_6595b64144ccf1df_6.0.22621.4541_none_2710d1c57384c085;C:\Program Files\Java\jdk-17\bin\server

VM Arguments:
jvm_args: -XX:TieredStopAtLevel=1 -Dspring.output.ansi.enabled=always -Dcom.sun.management.jmxremote -Dspring.jmx.enabled=true -Dspring.liveBeansView.mbeanDomain -Dspring.application.admin.enabled=true -Dmanagement.endpoints.jmx.exposure.include=* -javaagent:C:\Program Files\JetBrains\IntelliJ IDEA 2023.3.3\lib\idea_rt.jar=57575:C:\Program Files\JetBrains\IntelliJ IDEA 2023.3.3\bin -Dfile.encoding=UTF-8 
java_command: com.pfe.smsworkflow.SmsWorkflowApplication
java_class_path (initial): C:\pfe\SMSWorkflow\target\classes;C:\Users\MSI\.m2\repository\commons-io\commons-io\2.11.0\commons-io-2.11.0.jar;C:\Users\MSI\.m2\repository\org\springframework\boot\spring-boot-starter-data-jdbc\3.2.2\spring-boot-starter-data-jdbc-3.2.2.jar;C:\Users\MSI\.m2\repository\org\springframework\data\spring-data-jdbc\3.2.2\spring-data-jdbc-3.2.2.jar;C:\Users\MSI\.m2\repository\org\springframework\data\spring-data-relational\3.2.2\spring-data-relational-3.2.2.jar;C:\Users\MSI\.m2\repository\com\github\jsqlparser\jsqlparser\4.6\jsqlparser-4.6.jar;C:\Users\MSI\.m2\repository\org\springframework\data\spring-data-commons\3.2.2\spring-data-commons-3.2.2.jar;C:\Users\MSI\.m2\repository\org\springframework\spring-tx\6.1.3\spring-tx-6.1.3.jar;C:\Users\MSI\.m2\repository\org\springframework\spring-context\6.1.3\spring-context-6.1.3.jar;C:\Users\MSI\.m2\repository\org\springframework\spring-beans\6.1.3\spring-beans-6.1.3.jar;C:\Users\MSI\.m2\repository\org\slf4j\slf4j-api\2.0.11\slf4j-api-2.0.11.jar;C:\Users\MSI\.m2\repository\org\springframework\boot\spring-boot-starter-data-jpa\3.2.2\spring-boot-starter-data-jpa-3.2.2.jar;C:\Users\MSI\.m2\repository\org\springframework\boot\spring-boot-starter-aop\3.2.2\spring-boot-starter-aop-3.2.2.jar;C:\Users\MSI\.m2\repository\org\springframework\spring-aop\6.1.3\spring-aop-6.1.3.jar;C:\Users\MSI\.m2\repository\org\aspectj\aspectjweaver\1.9.21\aspectjweaver-1.9.21.jar;C:\Users\MSI\.m2\repository\org\hibernate\orm\hibernate-core\6.4.1.Final\hibernate-core-6.4.1.Final.jar;C:\Users\MSI\.m2\repository\jakarta\persistence\jakarta.persistence-api\3.1.0\jakarta.persistence-api-3.1.0.jar;C:\Users\MSI\.m2\repository\jakarta\transaction\jakarta.transaction-api\2.0.1\jakarta.transaction-api-2.0.1.jar;C:\Users\MSI\.m2\repository\org\jboss\logging\jboss-logging\3.5.3.Final\jboss-logging-3.5.3.Final.jar;C:\Users\MSI\.m2\repository\org\hibernate\common\hibernate-commons-annotations\6.0.6.Final\hibernate-commons-annotations-6.0.6.F
Launcher Type: SUN_STANDARD

[Global flags]
     intx CICompilerCount                          = 4                                         {product} {ergonomic}
     uint ConcGCThreads                            = 3                                         {product} {ergonomic}
     uint G1ConcRefinementThreads                  = 10                                        {product} {ergonomic}
   size_t G1HeapRegionSize                         = 2097152                                   {product} {ergonomic}
    uintx GCDrainStackTargetSize                   = 64                                        {product} {ergonomic}
   size_t InitialHeapSize                          = 266338304                                 {product} {ergonomic}
     bool ManagementServer                         = true                                      {product} {command line}
   size_t MarkStackSize                            = 4194304                                   {product} {ergonomic}
   size_t MaxHeapSize                              = 4257218560                                {product} {ergonomic}
   size_t MinHeapDeltaBytes                        = 2097152                                   {product} {ergonomic}
   size_t MinHeapSize                              = 8388608                                   {product} {ergonomic}
    uintx NonProfiledCodeHeapSize                  = 0                                      {pd product} {ergonomic}
     bool ProfileInterpreter                       = false                                  {pd product} {command line}
    uintx ProfiledCodeHeapSize                     = 0                                      {pd product} {ergonomic}
   size_t SoftMaxHeapSize                          = 4257218560                             {manageable} {ergonomic}
     intx TieredStopAtLevel                        = 1                                         {product} {command line}
     bool UseCompressedClassPointers               = true                           {product lp64_product} {ergonomic}
     bool UseCompressedOops                        = true                           {product lp64_product} {ergonomic}
     bool UseG1GC                                  = true                                      {product} {ergonomic}
     bool UseLargePagesIndividualAllocation        = false                                  {pd product} {ergonomic}

Logging:
Log output configuration:
 #0: stdout all=warning uptime,level,tags
 #1: stderr all=off uptime,level,tags

Environment Variables:
JAVA_HOME=E:\jdk-23_windows-x64_bin\jdk-23.0.1
PATH=C:\xampp\php;C:\Program Files\dotnet\;C:\Program Files (x86)\Microsoft SQL Server\160\Tools\Binn\;C:\Program Files\Microsoft SQL Server\160\Tools\Binn\;C:\Program Files\Microsoft SQL Server\Client SDK\ODBC\170\Tools\Binn\;C:\Program Files\Microsoft SQL Server\160\DTS\Binn\;C:\Program Files\Git\cmd;C:\Program Files\GitHub CLI\;C:\Program Files\nodejs\;C:\Users\MSI\.config\herd-lite\bin;C:\Program Files\MySQL\MySQL Shell 8.0\bin\;C:\Users\MSI\AppData\Local\Microsoft\WindowsApps;C:\Users\MSI\AppData\Local\Programs\Microsoft VS Code\bin;C:\src\flutter\bin;C:\Windows\System32;C:\Windows\System32\WindowsPowerShell\v1.0\;C:\Users\MSI\AppData\Roaming\npm;E:\apache-maven-3.9.9-bin\apache-maven-3.9.9\bin;E:\jdk-23_windows-x64_bin\jdk-23.0.1\bin;C:\php;
USERNAME=MSI
OS=Windows_NT
PROCESSOR_IDENTIFIER=Intel64 Family 6 Model 158 Stepping 10, GenuineIntel



---------------  S Y S T E M  ---------------

OS:
 Windows 10 , 64 bit Build 22621 (10.0.22621.4391)
OS uptime: 0 days 3:14 hours

CPU: total 12 (initial active 12) (6 cores per cpu, 2 threads per core) family 6 model 158 stepping 10 microcode 0xde, cx8, cmov, fxsr, ht, mmx, 3dnowpref, sse, sse2, sse3, ssse3, sse4.1, sse4.2, popcnt, lzcnt, tsc, tscinvbit, avx, avx2, aes, erms, clmul, bmi1, bmi2, adx, fma, vzeroupper, clflush, clflushopt

Memory: 4k page, system-wide physical 16234M (5476M free)
TotalPageFile size 16234M (AvailPageFile size 5M)
current process WorkingSet (physical memory assigned to process): 11M, peak: 11M
current process commit charge ("private bytes"): 314M, peak: 317M

vm_info: Java HotSpot(TM) 64-Bit Server VM (17+35-LTS-2724) for windows-amd64 JRE (17+35-LTS-2724), built on Aug  5 2021 23:28:28 by "mach5one" with MS VC++ 16.8 (VS2019)

END.
